{"C:\\proyectosena\\mi-backend\\backend\\controllers\\auth.controller.js": {"path":"C:\\proyectosena\\mi-backend\\backend\\controllers\\auth.controller.js","statementMap":{"0":{"start":{"line":1,"column":16},"end":{"line":1,"column":45}},"1":{"start":{"line":2,"column":15},"end":{"line":2,"column":34}},"2":{"start":{"line":5,"column":0},"end":{"line":40,"column":2}},"3":{"start":{"line":6,"column":2},"end":{"line":39,"column":3}},"4":{"start":{"line":7,"column":38},"end":{"line":7,"column":46}},"5":{"start":{"line":10,"column":4},"end":{"line":12,"column":5}},"6":{"start":{"line":11,"column":6},"end":{"line":11,"column":80}},"7":{"start":{"line":15,"column":19},"end":{"line":15,"column":51}},"8":{"start":{"line":16,"column":4},"end":{"line":16,"column":77}},"9":{"start":{"line":16,"column":16},"end":{"line":16,"column":77}},"10":{"start":{"line":19,"column":27},"end":{"line":19,"column":58}},"11":{"start":{"line":22,"column":21},"end":{"line":22,"column":75}},"12":{"start":{"line":23,"column":4},"end":{"line":23,"column":26}},"13":{"start":{"line":25,"column":4},"end":{"line":32,"column":7}},"14":{"start":{"line":34,"column":4},"end":{"line":34,"column":51}},"15":{"start":{"line":35,"column":4},"end":{"line":38,"column":7}},"16":{"start":{"line":43,"column":0},"end":{"line":76,"column":2}},"17":{"start":{"line":44,"column":2},"end":{"line":75,"column":3}},"18":{"start":{"line":45,"column":32},"end":{"line":45,"column":40}},"19":{"start":{"line":48,"column":4},"end":{"line":50,"column":5}},"20":{"start":{"line":49,"column":6},"end":{"line":49,"column":79}},"21":{"start":{"line":53,"column":21},"end":{"line":53,"column":53}},"22":{"start":{"line":54,"column":4},"end":{"line":54,"column":81}},"23":{"start":{"line":54,"column":19},"end":{"line":54,"column":81}},"24":{"start":{"line":57,"column":21},"end":{"line":57,"column":70}},"25":{"start":{"line":58,"column":4},"end":{"line":58,"column":82}},"26":{"start":{"line":58,"column":19},"end":{"line":58,"column":82}},"27":{"start":{"line":61,"column":4},"end":{"line":68,"column":7}},"28":{"start":{"line":70,"column":4},"end":{"line":70,"column":47}},"29":{"start":{"line":71,"column":4},"end":{"line":74,"column":7}}},"fnMap":{"0":{"name":"(anonymous_0)","decl":{"start":{"line":5,"column":20},"end":{"line":5,"column":21}},"loc":{"start":{"line":5,"column":40},"end":{"line":40,"column":1}},"line":5},"1":{"name":"(anonymous_1)","decl":{"start":{"line":43,"column":16},"end":{"line":43,"column":17}},"loc":{"start":{"line":43,"column":36},"end":{"line":76,"column":1}},"line":43}},"branchMap":{"0":{"loc":{"start":{"line":10,"column":4},"end":{"line":12,"column":5}},"type":"if","locations":[{"start":{"line":10,"column":4},"end":{"line":12,"column":5}},{"start":{},"end":{}}],"line":10},"1":{"loc":{"start":{"line":10,"column":8},"end":{"line":10,"column":36}},"type":"binary-expr","locations":[{"start":{"line":10,"column":8},"end":{"line":10,"column":13}},{"start":{"line":10,"column":17},"end":{"line":10,"column":23}},{"start":{"line":10,"column":27},"end":{"line":10,"column":36}}],"line":10},"2":{"loc":{"start":{"line":16,"column":4},"end":{"line":16,"column":77}},"type":"if","locations":[{"start":{"line":16,"column":4},"end":{"line":16,"column":77}},{"start":{},"end":{}}],"line":16},"3":{"loc":{"start":{"line":37,"column":13},"end":{"line":37,"column":46}},"type":"binary-expr","locations":[{"start":{"line":37,"column":13},"end":{"line":37,"column":26}},{"start":{"line":37,"column":30},"end":{"line":37,"column":46}}],"line":37},"4":{"loc":{"start":{"line":48,"column":4},"end":{"line":50,"column":5}},"type":"if","locations":[{"start":{"line":48,"column":4},"end":{"line":50,"column":5}},{"start":{},"end":{}}],"line":48},"5":{"loc":{"start":{"line":48,"column":8},"end":{"line":48,"column":27}},"type":"binary-expr","locations":[{"start":{"line":48,"column":8},"end":{"line":48,"column":14}},{"start":{"line":48,"column":18},"end":{"line":48,"column":27}}],"line":48},"6":{"loc":{"start":{"line":54,"column":4},"end":{"line":54,"column":81}},"type":"if","locations":[{"start":{"line":54,"column":4},"end":{"line":54,"column":81}},{"start":{},"end":{}}],"line":54},"7":{"loc":{"start":{"line":58,"column":4},"end":{"line":58,"column":82}},"type":"if","locations":[{"start":{"line":58,"column":4},"end":{"line":58,"column":82}},{"start":{},"end":{}}],"line":58},"8":{"loc":{"start":{"line":73,"column":13},"end":{"line":73,"column":46}},"type":"binary-expr","locations":[{"start":{"line":73,"column":13},"end":{"line":73,"column":26}},{"start":{"line":73,"column":30},"end":{"line":73,"column":46}}],"line":73}},"s":{"0":1,"1":1,"2":1,"3":3,"4":3,"5":3,"6":1,"7":2,"8":2,"9":1,"10":1,"11":1,"12":1,"13":1,"14":0,"15":0,"16":1,"17":2,"18":2,"19":2,"20":0,"21":2,"22":2,"23":0,"24":2,"25":2,"26":1,"27":1,"28":0,"29":0},"f":{"0":3,"1":2},"b":{"0":[1,2],"1":[3,2,2],"2":[1,1],"3":[0,0],"4":[0,2],"5":[2,2],"6":[0,2],"7":[1,1],"8":[0,0]},"_coverageSchema":"1a1c01bbd47fc00a2c39e90264f33305004495a9","hash":"09556c979e8dffc52bbaad3ce1296692d872ad39"}
,"C:\\proyectosena\\mi-backend\\backend\\controllers\\productos.controller.js": {"path":"C:\\proyectosena\\mi-backend\\backend\\controllers\\productos.controller.js","statementMap":{"0":{"start":{"line":6,"column":17},"end":{"line":6,"column":47}},"1":{"start":{"line":18,"column":22},"end":{"line":18,"column":24}},"2":{"start":{"line":22,"column":0},"end":{"line":25,"column":2}},"3":{"start":{"line":23,"column":22},"end":{"line":23,"column":43}},"4":{"start":{"line":24,"column":4},"end":{"line":24,"column":24}},"5":{"start":{"line":28,"column":0},"end":{"line":32,"column":2}},"6":{"start":{"line":29,"column":26},"end":{"line":29,"column":48}},"7":{"start":{"line":30,"column":4},"end":{"line":30,"column":31}},"8":{"start":{"line":31,"column":4},"end":{"line":31,"column":46}},"9":{"start":{"line":35,"column":0},"end":{"line":38,"column":2}},"10":{"start":{"line":36,"column":26},"end":{"line":36,"column":64}},"11":{"start":{"line":37,"column":4},"end":{"line":37,"column":28}},"12":{"start":{"line":41,"column":0},"end":{"line":50,"column":2}},"13":{"start":{"line":42,"column":19},"end":{"line":42,"column":29}},"14":{"start":{"line":43,"column":25},"end":{"line":47,"column":5}},"15":{"start":{"line":48,"column":4},"end":{"line":48,"column":80}},"16":{"start":{"line":49,"column":4},"end":{"line":49,"column":49}},"17":{"start":{"line":53,"column":0},"end":{"line":56,"column":2}},"18":{"start":{"line":54,"column":4},"end":{"line":54,"column":52}},"19":{"start":{"line":55,"column":4},"end":{"line":55,"column":47}},"20":{"start":{"line":58,"column":0},"end":{"line":58,"column":31}}},"fnMap":{"0":{"name":"(anonymous_0)","decl":{"start":{"line":22,"column":28},"end":{"line":22,"column":29}},"loc":{"start":{"line":22,"column":48},"end":{"line":25,"column":1}},"line":22},"1":{"name":"(anonymous_1)","decl":{"start":{"line":28,"column":31},"end":{"line":28,"column":32}},"loc":{"start":{"line":28,"column":51},"end":{"line":32,"column":1}},"line":28},"2":{"name":"(anonymous_2)","decl":{"start":{"line":35,"column":33},"end":{"line":35,"column":34}},"loc":{"start":{"line":35,"column":53},"end":{"line":38,"column":1}},"line":35},"3":{"name":"(anonymous_3)","decl":{"start":{"line":41,"column":31},"end":{"line":41,"column":32}},"loc":{"start":{"line":41,"column":51},"end":{"line":50,"column":1}},"line":41},"4":{"name":"(anonymous_4)","decl":{"start":{"line":53,"column":33},"end":{"line":53,"column":34}},"loc":{"start":{"line":53,"column":53},"end":{"line":56,"column":1}},"line":53}},"branchMap":{},"s":{"0":1,"1":1,"2":1,"3":1,"4":1,"5":1,"6":0,"7":0,"8":0,"9":1,"10":1,"11":1,"12":1,"13":1,"14":1,"15":1,"16":1,"17":1,"18":1,"19":1,"20":1},"f":{"0":1,"1":0,"2":1,"3":1,"4":1},"b":{},"_coverageSchema":"1a1c01bbd47fc00a2c39e90264f33305004495a9","hash":"3dabbf0e7d24dd05cb6afe0576992f21e92018ab"}
,"C:\\proyectosena\\mi-backend\\backend\\controllers\\usuarios.controller.js": {"path":"C:\\proyectosena\\mi-backend\\backend\\controllers\\usuarios.controller.js","statementMap":{"0":{"start":{"line":8,"column":16},"end":{"line":8,"column":45}},"1":{"start":{"line":24,"column":21},"end":{"line":24,"column":23}},"2":{"start":{"line":28,"column":0},"end":{"line":31,"column":2}},"3":{"start":{"line":29,"column":21},"end":{"line":29,"column":41}},"4":{"start":{"line":30,"column":4},"end":{"line":30,"column":23}},"5":{"start":{"line":34,"column":0},"end":{"line":38,"column":2}},"6":{"start":{"line":35,"column":25},"end":{"line":35,"column":46}},"7":{"start":{"line":36,"column":4},"end":{"line":36,"column":30}},"8":{"start":{"line":37,"column":4},"end":{"line":37,"column":45}},"9":{"start":{"line":41,"column":0},"end":{"line":44,"column":2}},"10":{"start":{"line":42,"column":25},"end":{"line":42,"column":62}},"11":{"start":{"line":43,"column":4},"end":{"line":43,"column":27}},"12":{"start":{"line":47,"column":0},"end":{"line":55,"column":2}},"13":{"start":{"line":48,"column":19},"end":{"line":48,"column":29}},"14":{"start":{"line":49,"column":24},"end":{"line":52,"column":5}},"15":{"start":{"line":53,"column":4},"end":{"line":53,"column":78}},"16":{"start":{"line":54,"column":4},"end":{"line":54,"column":48}},"17":{"start":{"line":58,"column":0},"end":{"line":61,"column":2}},"18":{"start":{"line":59,"column":4},"end":{"line":59,"column":51}},"19":{"start":{"line":60,"column":4},"end":{"line":60,"column":46}},"20":{"start":{"line":63,"column":0},"end":{"line":63,"column":30}}},"fnMap":{"0":{"name":"(anonymous_0)","decl":{"start":{"line":28,"column":26},"end":{"line":28,"column":27}},"loc":{"start":{"line":28,"column":46},"end":{"line":31,"column":1}},"line":28},"1":{"name":"(anonymous_1)","decl":{"start":{"line":34,"column":29},"end":{"line":34,"column":30}},"loc":{"start":{"line":34,"column":49},"end":{"line":38,"column":1}},"line":34},"2":{"name":"(anonymous_2)","decl":{"start":{"line":41,"column":31},"end":{"line":41,"column":32}},"loc":{"start":{"line":41,"column":51},"end":{"line":44,"column":1}},"line":41},"3":{"name":"(anonymous_3)","decl":{"start":{"line":47,"column":29},"end":{"line":47,"column":30}},"loc":{"start":{"line":47,"column":49},"end":{"line":55,"column":1}},"line":47},"4":{"name":"(anonymous_4)","decl":{"start":{"line":58,"column":31},"end":{"line":58,"column":32}},"loc":{"start":{"line":58,"column":51},"end":{"line":61,"column":1}},"line":58}},"branchMap":{},"s":{"0":1,"1":1,"2":1,"3":1,"4":1,"5":1,"6":0,"7":0,"8":0,"9":1,"10":1,"11":1,"12":1,"13":1,"14":1,"15":1,"16":1,"17":1,"18":1,"19":1,"20":1},"f":{"0":1,"1":0,"2":1,"3":1,"4":1},"b":{},"_coverageSchema":"1a1c01bbd47fc00a2c39e90264f33305004495a9","hash":"fa5c2259f435451c31e8273c5bb07b6c01e54836"}
,"C:\\proyectosena\\mi-backend\\backend\\routes\\auth.routes.js": {"path":"C:\\proyectosena\\mi-backend\\backend\\routes\\auth.routes.js","statementMap":{"0":{"start":{"line":2,"column":16},"end":{"line":2,"column":34}},"1":{"start":{"line":6,"column":15},"end":{"line":6,"column":31}},"2":{"start":{"line":10,"column":29},"end":{"line":10,"column":70}},"3":{"start":{"line":16,"column":0},"end":{"line":16,"column":36}},"4":{"start":{"line":22,"column":0},"end":{"line":22,"column":29}},"5":{"start":{"line":25,"column":0},"end":{"line":25,"column":24}}},"fnMap":{},"branchMap":{},"s":{"0":0,"1":0,"2":0,"3":0,"4":0,"5":0},"f":{},"b":{}}
,"C:\\proyectosena\\mi-backend\\backend\\routes\\productos.routes.js": {"path":"C:\\proyectosena\\mi-backend\\backend\\routes\\productos.routes.js","statementMap":{"0":{"start":{"line":10,"column":16},"end":{"line":10,"column":34}},"1":{"start":{"line":11,"column":15},"end":{"line":11,"column":31}},"2":{"start":{"line":14,"column":22},"end":{"line":14,"column":68}},"3":{"start":{"line":23,"column":0},"end":{"line":23,"column":43}},"4":{"start":{"line":27,"column":0},"end":{"line":27,"column":47}},"5":{"start":{"line":31,"column":0},"end":{"line":31,"column":51}},"6":{"start":{"line":35,"column":0},"end":{"line":35,"column":49}},"7":{"start":{"line":39,"column":0},"end":{"line":39,"column":54}},"8":{"start":{"line":42,"column":0},"end":{"line":42,"column":24}}},"fnMap":{},"branchMap":{},"s":{"0":0,"1":0,"2":0,"3":0,"4":0,"5":0,"6":0,"7":0,"8":0},"f":{},"b":{}}
,"C:\\proyectosena\\mi-backend\\backend\\routes\\usuarios.routes.js": {"path":"C:\\proyectosena\\mi-backend\\backend\\routes\\usuarios.routes.js","statementMap":{"0":{"start":{"line":10,"column":16},"end":{"line":10,"column":34}},"1":{"start":{"line":11,"column":15},"end":{"line":11,"column":31}},"2":{"start":{"line":14,"column":21},"end":{"line":14,"column":66}},"3":{"start":{"line":23,"column":0},"end":{"line":23,"column":41}},"4":{"start":{"line":27,"column":0},"end":{"line":27,"column":45}},"5":{"start":{"line":31,"column":0},"end":{"line":31,"column":49}},"6":{"start":{"line":35,"column":0},"end":{"line":35,"column":47}},"7":{"start":{"line":39,"column":0},"end":{"line":39,"column":52}},"8":{"start":{"line":42,"column":0},"end":{"line":42,"column":24}}},"fnMap":{},"branchMap":{},"s":{"0":0,"1":0,"2":0,"3":0,"4":0,"5":0,"6":0,"7":0,"8":0},"f":{},"b":{}}
}
