TN:
SF:controllers\auth.controller.js
FN:5,(anonymous_0)
FN:43,(anonymous_1)
FNF:2
FNH:2
FNDA:3,(anonymous_0)
FNDA:2,(anonymous_1)
DA:1,1
DA:2,1
DA:5,1
DA:6,3
DA:7,3
DA:10,3
DA:11,1
DA:15,2
DA:16,2
DA:19,1
DA:22,1
DA:23,1
DA:25,1
DA:34,0
DA:35,0
DA:43,1
DA:44,2
DA:45,2
DA:48,2
DA:49,0
DA:53,2
DA:54,2
DA:57,2
DA:58,2
DA:61,1
DA:70,0
DA:71,0
LF:27
LH:22
BRDA:10,0,0,1
BRDA:10,0,1,2
BRDA:10,1,0,3
BRDA:10,1,1,2
BRDA:10,1,2,2
BRDA:16,2,0,1
BRDA:16,2,1,1
BRDA:37,3,0,0
BRDA:37,3,1,0
BRDA:48,4,0,0
BRDA:48,4,1,2
BRDA:48,5,0,2
BRDA:48,5,1,2
BRDA:54,6,0,0
BRDA:54,6,1,2
BRDA:58,7,0,1
BRDA:58,7,1,1
BRDA:73,8,0,0
BRDA:73,8,1,0
BRF:19
BRH:13
end_of_record
TN:
SF:controllers\productos.controller.js
FN:22,(anonymous_0)
FN:28,(anonymous_1)
FN:35,(anonymous_2)
FN:41,(anonymous_3)
FN:53,(anonymous_4)
FNF:5
FNH:4
FNDA:1,(anonymous_0)
FNDA:0,(anonymous_1)
FNDA:1,(anonymous_2)
FNDA:1,(anonymous_3)
FNDA:1,(anonymous_4)
DA:6,1
DA:18,1
DA:22,1
DA:23,1
DA:24,1
DA:28,1
DA:29,0
DA:30,0
DA:31,0
DA:35,1
DA:36,1
DA:37,1
DA:41,1
DA:42,1
DA:43,1
DA:48,1
DA:49,1
DA:53,1
DA:54,1
DA:55,1
DA:58,1
LF:21
LH:18
BRF:0
BRH:0
end_of_record
TN:
SF:controllers\usuarios.controller.js
FN:28,(anonymous_0)
FN:34,(anonymous_1)
FN:41,(anonymous_2)
FN:47,(anonymous_3)
FN:58,(anonymous_4)
FNF:5
FNH:4
FNDA:1,(anonymous_0)
FNDA:0,(anonymous_1)
FNDA:1,(anonymous_2)
FNDA:1,(anonymous_3)
FNDA:1,(anonymous_4)
DA:8,1
DA:24,1
DA:28,1
DA:29,1
DA:30,1
DA:34,1
DA:35,0
DA:36,0
DA:37,0
DA:41,1
DA:42,1
DA:43,1
DA:47,1
DA:48,1
DA:49,1
DA:53,1
DA:54,1
DA:58,1
DA:59,1
DA:60,1
DA:63,1
LF:21
LH:18
BRF:0
BRH:0
end_of_record
TN:
SF:routes\auth.routes.js
FNF:0
FNH:0
DA:2,0
DA:6,0
DA:10,0
DA:16,0
DA:22,0
DA:25,0
LF:6
LH:0
BRF:0
BRH:0
end_of_record
TN:
SF:routes\productos.routes.js
FNF:0
FNH:0
DA:10,0
DA:11,0
DA:14,0
DA:23,0
DA:27,0
DA:31,0
DA:35,0
DA:39,0
DA:42,0
LF:9
LH:0
BRF:0
BRH:0
end_of_record
TN:
SF:routes\usuarios.routes.js
FNF:0
FNH:0
DA:10,0
DA:11,0
DA:14,0
DA:23,0
DA:27,0
DA:31,0
DA:35,0
DA:39,0
DA:42,0
LF:9
LH:0
BRF:0
BRH:0
end_of_record
